21:49:55.922 [main] [] [INFO ] c.e.s.SpringInitApplication - Starting SpringInitApplication using Java 22.0.2 with PID 22857 (/Users/vishwassettyn/Desktop/spring_init/build/classes/java/main started by vishwassettyn in /Users/vishwassettyn/Desktop/spring_init)
21:49:55.923 [main] [] [INFO ] c.e.s.SpringInitApplication - No active profile set, falling back to 1 default profile: "default"
21:49:57.316 [main] [] [INFO ] c.e.s.SpringInitApplication - Started SpringInitApplication in 1.62 seconds (process running for 1.903)
21:50:10.061 [http-nio-8080-exec-1] [] [WARN ] c.e.spring_init.filter.LoggerFilter - Request received with null trackingId, generated trackingId is: 863652ce-7c7d-4681-9acd-c1cf0c64656b
22:14:23.856 [main] [] [INFO ] c.e.s.SpringInitApplication - Starting SpringInitApplication using Java 22.0.2 with PID 23789 (/Users/vishwassettyn/Desktop/spring_init/build/classes/java/main started by vishwassettyn in /Users/vishwassettyn/Desktop/spring_init)
22:14:23.857 [main] [] [INFO ] c.e.s.SpringInitApplication - No active profile set, falling back to 1 default profile: "default"
22:14:25.387 [main] [] [INFO ] c.e.s.SpringInitApplication - Started SpringInitApplication in 1.764 seconds (process running for 2.071)
22:16:14.477 [main] [] [INFO ] c.e.s.SpringInitApplication - Starting SpringInitApplication using Java 22.0.2 with PID 23837 (/Users/vishwassettyn/Desktop/spring_init/build/classes/java/main started by vishwassettyn in /Users/vishwassettyn/Desktop/spring_init)
22:16:14.478 [main] [] [INFO ] c.e.s.SpringInitApplication - No active profile set, falling back to 1 default profile: "default"
22:16:27.890 [main] [] [INFO ] c.e.s.SpringInitApplication - Starting SpringInitApplication using Java 22.0.2 with PID 23845 (/Users/vishwassettyn/Desktop/spring_init/build/classes/java/main started by vishwassettyn in /Users/vishwassettyn/Desktop/spring_init)
22:16:27.891 [main] [] [INFO ] c.e.s.SpringInitApplication - No active profile set, falling back to 1 default profile: "default"
22:17:56.241 [main] [] [INFO ] c.e.s.SpringInitApplication - Starting SpringInitApplication using Java 22.0.2 with PID 23905 (/Users/vishwassettyn/Desktop/spring_init/build/classes/java/main started by vishwassettyn in /Users/vishwassettyn/Desktop/spring_init)
22:17:56.241 [main] [] [INFO ] c.e.s.SpringInitApplication - No active profile set, falling back to 1 default profile: "default"
22:18:01.330 [main] [] [INFO ] c.e.s.SpringInitApplication - Starting SpringInitApplication using Java 22.0.2 with PID 23909 (/Users/vishwassettyn/Desktop/spring_init/build/classes/java/main started by vishwassettyn in /Users/vishwassettyn/Desktop/spring_init)
22:18:01.331 [main] [] [INFO ] c.e.s.SpringInitApplication - No active profile set, falling back to 1 default profile: "default"
22:18:33.990 [main] [] [INFO ] c.e.s.SpringInitApplication - Starting SpringInitApplication using Java 22.0.2 with PID 23939 (/Users/vishwassettyn/Desktop/spring_init/build/classes/java/main started by vishwassettyn in /Users/vishwassettyn/Desktop/spring_init)
22:18:33.991 [main] [] [INFO ] c.e.s.SpringInitApplication - No active profile set, falling back to 1 default profile: "default"
22:19:16.957 [main] [] [INFO ] c.e.s.SpringInitApplication - Starting SpringInitApplication using Java 22.0.2 with PID 23958 (/Users/vishwassettyn/Desktop/spring_init/build/classes/java/main started by vishwassettyn in /Users/vishwassettyn/Desktop/spring_init)
22:19:16.958 [main] [] [INFO ] c.e.s.SpringInitApplication - No active profile set, falling back to 1 default profile: "default"
22:19:18.335 [main] [] [INFO ] c.e.s.SpringInitApplication - Started SpringInitApplication in 1.606 seconds (process running for 1.847)
16:29:11.609 [main] [] [INFO ] c.e.s.SpringInitApplication - Starting SpringInitApplication using Java 22.0.2 with PID 30950 (/Users/vishwassettyn/Desktop/spring_init/build/classes/java/main started by vishwassettyn in /Users/vishwassettyn/Desktop/spring_init)
16:29:11.610 [main] [] [INFO ] c.e.s.SpringInitApplication - No active profile set, falling back to 1 default profile: "default"
16:29:13.059 [main] [] [INFO ] c.e.s.SpringInitApplication - Started SpringInitApplication in 1.685 seconds (process running for 2.027)
16:29:54.036 [http-nio-8080-exec-1] [] [WARN ] c.e.spring_init.filter.LoggerFilter - Request received with null trackingId, generated trackingId is: b0c6321b-0d53-46d1-b3b3-0782f8f08b89
16:30:31.701 [main] [] [INFO ] c.e.s.SpringInitApplication - Starting SpringInitApplication using Java 22.0.2 with PID 30987 (/Users/vishwassettyn/Desktop/spring_init/build/classes/java/main started by vishwassettyn in /Users/vishwassettyn/Desktop/spring_init)
16:30:31.702 [main] [] [INFO ] c.e.s.SpringInitApplication - No active profile set, falling back to 1 default profile: "default"
16:30:43.728 [main] [] [INFO ] c.e.s.SpringInitApplication - Starting SpringInitApplication using Java 22.0.2 with PID 30996 (/Users/vishwassettyn/Desktop/spring_init/build/classes/java/main started by vishwassettyn in /Users/vishwassettyn/Desktop/spring_init)
16:30:43.728 [main] [] [INFO ] c.e.s.SpringInitApplication - No active profile set, falling back to 1 default profile: "default"
16:30:55.817 [main] [] [INFO ] c.e.s.SpringInitApplication - Starting SpringInitApplication using Java 22.0.2 with PID 31002 (/Users/vishwassettyn/Desktop/spring_init/build/classes/java/main started by vishwassettyn in /Users/vishwassettyn/Desktop/spring_init)
16:30:55.818 [main] [] [INFO ] c.e.s.SpringInitApplication - No active profile set, falling back to 1 default profile: "default"
16:31:19.777 [main] [] [INFO ] c.e.s.SpringInitApplication - Starting SpringInitApplication using Java 22.0.2 with PID 31022 (/Users/vishwassettyn/Desktop/spring_init/build/classes/java/main started by vishwassettyn in /Users/vishwassettyn/Desktop/spring_init)
16:31:19.777 [main] [] [INFO ] c.e.s.SpringInitApplication - No active profile set, falling back to 1 default profile: "default"
16:31:44.363 [main] [] [INFO ] c.e.s.SpringInitApplication - Starting SpringInitApplication using Java 22.0.2 with PID 31028 (/Users/vishwassettyn/Desktop/spring_init/build/classes/java/main started by vishwassettyn in /Users/vishwassettyn/Desktop/spring_init)
16:31:44.363 [main] [] [INFO ] c.e.s.SpringInitApplication - No active profile set, falling back to 1 default profile: "default"
16:31:49.393 [main] [] [INFO ] c.e.s.SpringInitApplication - Starting SpringInitApplication using Java 22.0.2 with PID 31032 (/Users/vishwassettyn/Desktop/spring_init/build/classes/java/main started by vishwassettyn in /Users/vishwassettyn/Desktop/spring_init)
16:31:49.393 [main] [] [INFO ] c.e.s.SpringInitApplication - No active profile set, falling back to 1 default profile: "default"
16:32:15.628 [main] [] [INFO ] c.e.s.SpringInitApplication - Starting SpringInitApplication using Java 22.0.2 with PID 31038 (/Users/vishwassettyn/Desktop/spring_init/build/classes/java/main started by vishwassettyn in /Users/vishwassettyn/Desktop/spring_init)
16:32:15.629 [main] [] [INFO ] c.e.s.SpringInitApplication - No active profile set, falling back to 1 default profile: "default"
16:32:16.991 [main] [] [INFO ] c.e.s.SpringInitApplication - Started SpringInitApplication in 1.592 seconds (process running for 1.874)
11:35:37.067 [main] [] [INFO ] c.e.s.SpringInitApplication - Starting SpringInitApplication using Java 22.0.2 with PID 32626 (/Users/vishwassettyn/Desktop/spring_init/build/classes/java/main started by vishwassettyn in /Users/vishwassettyn/Desktop/spring_init)
11:35:37.068 [main] [] [INFO ] c.e.s.SpringInitApplication - No active profile set, falling back to 1 default profile: "default"
11:35:39.226 [main] [] [INFO ] c.e.s.SpringInitApplication - Started SpringInitApplication in 2.395 seconds (process running for 2.695)
11:35:45.578 [http-nio-8080-exec-1] [] [WARN ] c.e.spring_init.filter.LoggerFilter - Request received with null trackingId, generated trackingId is: 04c20034-d305-40a7-be35-188c3ea6e228
12:31:23.772 [main] [] [INFO ] c.e.s.SpringInitApplication - Starting SpringInitApplication using Java 22.0.2 with PID 32979 (/Users/vishwassettyn/Desktop/spring_init/build/classes/java/main started by vishwassettyn in /Users/vishwassettyn/Desktop/spring_init)
12:31:23.773 [main] [] [INFO ] c.e.s.SpringInitApplication - No active profile set, falling back to 1 default profile: "default"
12:31:25.124 [main] [] [INFO ] c.e.s.SpringInitApplication - Started SpringInitApplication in 1.561 seconds (process running for 1.796)
14:38:01.163 [main] [] [INFO ] c.e.s.SpringInitApplication - Starting SpringInitApplication using Java 22.0.2 with PID 34462 (/Users/vishwassettyn/Desktop/spring_init/build/classes/java/main started by vishwassettyn in /Users/vishwassettyn/Desktop/spring_init)
14:38:01.163 [main] [] [INFO ] c.e.s.SpringInitApplication - No active profile set, falling back to 1 default profile: "default"
14:38:02.844 [main] [] [INFO ] c.e.s.SpringInitApplication - Started SpringInitApplication in 2.166 seconds (process running for 2.468)
14:52:06.224 [main] [] [INFO ] c.e.s.SpringInitApplication - Starting SpringInitApplication using Java 22.0.2 with PID 34787 (/Users/vishwassettyn/Desktop/spring_init/build/classes/java/main started by vishwassettyn in /Users/vishwassettyn/Desktop/spring_init)
14:52:06.225 [main] [] [INFO ] c.e.s.SpringInitApplication - No active profile set, falling back to 1 default profile: "default"
14:52:07.759 [main] [] [INFO ] c.e.s.SpringInitApplication - Started SpringInitApplication in 1.757 seconds (process running for 1.999)
14:52:51.023 [main] [] [INFO ] c.e.s.SpringInitApplication - Starting SpringInitApplication using Java 22.0.2 with PID 34805 (/Users/vishwassettyn/Desktop/spring_init/build/classes/java/main started by vishwassettyn in /Users/vishwassettyn/Desktop/spring_init)
14:52:51.024 [main] [] [INFO ] c.e.s.SpringInitApplication - No active profile set, falling back to 1 default profile: "default"
14:52:52.559 [main] [] [INFO ] c.e.s.SpringInitApplication - Started SpringInitApplication in 1.749 seconds (process running for 1.992)
14:53:49.373 [main] [] [INFO ] c.e.s.SpringInitApplication - Starting SpringInitApplication using Java 22.0.2 with PID 34832 (/Users/vishwassettyn/Desktop/spring_init/build/classes/java/main started by vishwassettyn in /Users/vishwassettyn/Desktop/spring_init)
14:53:49.373 [main] [] [INFO ] c.e.s.SpringInitApplication - No active profile set, falling back to 1 default profile: "default"
14:53:50.832 [main] [] [INFO ] c.e.s.SpringInitApplication - Started SpringInitApplication in 1.677 seconds (process running for 2.003)
14:53:59.832 [main] [] [INFO ] c.e.s.SpringInitApplication - Starting SpringInitApplication using Java 22.0.2 with PID 34838 (/Users/vishwassettyn/Desktop/spring_init/build/classes/java/main started by vishwassettyn in /Users/vishwassettyn/Desktop/spring_init)
14:53:59.832 [main] [] [INFO ] c.e.s.SpringInitApplication - No active profile set, falling back to 1 default profile: "default"
14:54:01.293 [main] [] [INFO ] c.e.s.SpringInitApplication - Started SpringInitApplication in 1.68 seconds (process running for 1.931)
15:31:13.179 [main] [] [INFO ] c.e.s.SpringInitApplication - Starting SpringInitApplication using Java 22.0.2 with PID 35658 (/Users/vishwassettyn/Desktop/spring_init/build/classes/java/main started by vishwassettyn in /Users/vishwassettyn/Desktop/spring_init)
15:31:13.179 [main] [] [INFO ] c.e.s.SpringInitApplication - No active profile set, falling back to 1 default profile: "default"
15:31:14.754 [main] [] [INFO ] c.e.s.SpringInitApplication - Started SpringInitApplication in 1.808 seconds (process running for 2.109)
15:43:49.155 [main] [] [INFO ] c.e.s.SpringInitApplication - Starting SpringInitApplication using Java 22.0.2 with PID 35948 (/Users/vishwassettyn/Desktop/spring_init/build/classes/java/main started by vishwassettyn in /Users/vishwassettyn/Desktop/spring_init)
15:43:49.156 [main] [] [INFO ] c.e.s.SpringInitApplication - No active profile set, falling back to 1 default profile: "default"
15:43:50.541 [main] [] [INFO ] c.e.s.SpringInitApplication - Started SpringInitApplication in 1.63 seconds (process running for 1.869)
15:45:05.544 [main] [] [INFO ] c.e.s.SpringInitApplication - Starting SpringInitApplication using Java 22.0.2 with PID 35973 (/Users/vishwassettyn/Desktop/spring_init/build/classes/java/main started by vishwassettyn in /Users/vishwassettyn/Desktop/spring_init)
15:45:05.545 [main] [] [INFO ] c.e.s.SpringInitApplication - No active profile set, falling back to 1 default profile: "default"
15:45:07.074 [main] [] [INFO ] c.e.s.SpringInitApplication - Started SpringInitApplication in 1.761 seconds (process running for 2.134)
15:52:22.875 [main] [] [INFO ] c.e.s.SpringInitApplication - Starting SpringInitApplication using Java 22.0.2 with PID 36145 (/Users/vishwassettyn/Desktop/spring_init/build/classes/java/main started by vishwassettyn in /Users/vishwassettyn/Desktop/spring_init)
15:52:22.876 [main] [] [INFO ] c.e.s.SpringInitApplication - No active profile set, falling back to 1 default profile: "default"
15:52:24.519 [main] [] [INFO ] c.e.s.SpringInitApplication - Started SpringInitApplication in 1.882 seconds (process running for 2.166)
15:52:30.116 [http-nio-8080-exec-1] [] [WARN ] c.e.spring_init.filter.LoggerFilter - Request received with null trackingId, generated trackingId is: 473bd50c-14dd-42af-9fbd-c999e7c7a28b
15:54:26.555 [http-nio-8080-exec-1] [] [WARN ] c.e.spring_init.filter.LoggerFilter - Request received with null trackingId, generated trackingId is: 4f41872c-221a-4d72-96ee-1f5139225fc0
15:54:34.095 [http-nio-8080-exec-3] [] [WARN ] c.e.spring_init.filter.LoggerFilter - Request received with null trackingId, generated trackingId is: cb2cdfcc-f14e-4c34-b2f0-83364f3ed194
16:07:57.731 [main] [] [INFO ] c.e.s.SpringInitApplication - Starting SpringInitApplication using Java 22.0.2 with PID 36578 (/Users/vishwassettyn/Desktop/spring_init/build/classes/java/main started by vishwassettyn in /Users/vishwassettyn/Desktop/spring_init)
16:07:57.731 [main] [] [INFO ] c.e.s.SpringInitApplication - No active profile set, falling back to 1 default profile: "default"
16:07:59.584 [main] [] [INFO ] c.e.s.SpringInitApplication - Started SpringInitApplication in 2.404 seconds (process running for 2.739)
16:11:00.091 [main] [] [INFO ] c.e.s.SpringInitApplication - Starting SpringInitApplication using Java 22.0.2 with PID 36666 (/Users/vishwassettyn/Desktop/spring_init/build/classes/java/main started by vishwassettyn in /Users/vishwassettyn/Desktop/spring_init)
16:11:00.091 [main] [] [INFO ] c.e.s.SpringInitApplication - No active profile set, falling back to 1 default profile: "default"
16:11:01.827 [main] [] [INFO ] c.e.s.SpringInitApplication - Started SpringInitApplication in 1.955 seconds (process running for 2.232)
16:11:12.347 [main] [] [INFO ] c.e.s.SpringInitApplication - Starting SpringInitApplication using Java 22.0.2 with PID 36675 (/Users/vishwassettyn/Desktop/spring_init/build/classes/java/main started by vishwassettyn in /Users/vishwassettyn/Desktop/spring_init)
16:11:12.347 [main] [] [INFO ] c.e.s.SpringInitApplication - No active profile set, falling back to 1 default profile: "default"
16:11:14.099 [main] [] [INFO ] c.e.s.SpringInitApplication - Started SpringInitApplication in 1.98 seconds (process running for 2.268)
16:11:18.246 [http-nio-8080-exec-2] [] [WARN ] c.e.spring_init.filter.LoggerFilter - Request received with null trackingId, generated trackingId is: 31a3569c-b7cf-495e-a6ea-371d15907b0c
16:12:20.999 [main] [] [INFO ] c.e.s.SpringInitApplication - Starting SpringInitApplication using Java 22.0.2 with PID 36698 (/Users/vishwassettyn/Desktop/spring_init/build/classes/java/main started by vishwassettyn in /Users/vishwassettyn/Desktop/spring_init)
16:12:20.999 [main] [] [INFO ] c.e.s.SpringInitApplication - No active profile set, falling back to 1 default profile: "default"
16:12:22.469 [main] [] [INFO ] c.e.s.SpringInitApplication - Started SpringInitApplication in 1.694 seconds (process running for 1.985)
16:12:36.289 [http-nio-8080-exec-2] [] [WARN ] c.e.spring_init.filter.LoggerFilter - Request received with null trackingId, generated trackingId is: aa7cf74b-feca-4ab6-a338-601c9fda193e
16:12:36.412 [http-nio-8080-exec-3] [] [WARN ] c.e.spring_init.filter.LoggerFilter - Request received with null trackingId, generated trackingId is: d092ea3d-500e-4031-9143-77ea9baea824
16:12:52.243 [http-nio-8080-exec-6] [] [WARN ] c.e.spring_init.filter.LoggerFilter - Request received with null trackingId, generated trackingId is: ad8d5c6d-e55a-49c8-88d2-82e61ee3cace
16:13:04.994 [http-nio-8080-exec-9] [] [WARN ] c.e.spring_init.filter.LoggerFilter - Request received with null trackingId, generated trackingId is: c67e2ab4-7faf-4aec-bf4c-f8dbdbb1f36d
16:13:05.015 [http-nio-8080-exec-9] [c67e2ab4-7faf-4aec-bf4c-f8dbdbb1f36d] [INFO ] c.e.s.service.PersonService - Fetching person with name : null
16:27:03.380 [http-nio-8080-exec-5] [] [WARN ] c.e.spring_init.filter.LoggerFilter - Request received with null trackingId, generated trackingId is: eb49476c-b4b8-4dc8-bc41-00e952df3c97
16:27:07.371 [http-nio-8080-exec-4] [] [WARN ] c.e.spring_init.filter.LoggerFilter - Request received with null trackingId, generated trackingId is: dc0be54e-750a-499b-b27f-8761c0d7475b
21:09:43.580 [main] [] [INFO ] c.e.s.SpringInitApplication - Starting SpringInitApplication using Java 22.0.2 with PID 37457 (/Users/vishwassettyn/Desktop/spring_init/build/classes/java/main started by vishwassettyn in /Users/vishwassettyn/Desktop/spring_init)
21:09:43.582 [main] [] [INFO ] c.e.s.SpringInitApplication - No active profile set, falling back to 1 default profile: "default"
21:09:45.190 [main] [] [INFO ] c.e.s.SpringInitApplication - Started SpringInitApplication in 1.86 seconds (process running for 2.245)
21:19:05.877 [main] [] [INFO ] c.e.s.SpringInitApplication - Starting SpringInitApplication using Java 22.0.2 with PID 37650 (/Users/vishwassettyn/Desktop/spring_init/build/classes/java/main started by vishwassettyn in /Users/vishwassettyn/Desktop/spring_init)
21:19:05.877 [main] [] [INFO ] c.e.s.SpringInitApplication - No active profile set, falling back to 1 default profile: "default"
21:19:07.393 [main] [] [INFO ] c.e.s.SpringInitApplication - Started SpringInitApplication in 1.741 seconds (process running for 2.03)
21:20:35.208 [main] [] [INFO ] c.e.s.SpringInitApplication - Starting SpringInitApplication using Java 22.0.2 with PID 37684 (/Users/vishwassettyn/Desktop/spring_init/build/classes/java/main started by vishwassettyn in /Users/vishwassettyn/Desktop/spring_init)
21:20:35.209 [main] [] [INFO ] c.e.s.SpringInitApplication - No active profile set, falling back to 1 default profile: "default"
21:20:36.644 [main] [] [INFO ] c.e.s.SpringInitApplication - Started SpringInitApplication in 1.662 seconds (process running for 1.951)
21:21:05.076 [main] [] [INFO ] c.e.s.SpringInitApplication - Starting SpringInitApplication using Java 22.0.2 with PID 37698 (/Users/vishwassettyn/Desktop/spring_init/build/classes/java/main started by vishwassettyn in /Users/vishwassettyn/Desktop/spring_init)
21:21:05.077 [main] [] [INFO ] c.e.s.SpringInitApplication - No active profile set, falling back to 1 default profile: "default"
21:21:06.598 [main] [] [INFO ] c.e.s.SpringInitApplication - Started SpringInitApplication in 1.751 seconds (process running for 2.03)
21:21:17.341 [http-nio-8080-exec-3] [] [WARN ] c.e.spring_init.filter.LoggerFilter - Request received with null trackingId, generated trackingId is: 7e93e8da-4667-479e-bdfb-61b70889969f
21:21:49.248 [http-nio-8080-exec-6] [] [WARN ] c.e.spring_init.filter.LoggerFilter - Request received with null trackingId, generated trackingId is: 502f4b0b-51fd-49e1-987b-5ff5c7babed3
21:29:33.058 [main] [] [INFO ] c.e.s.SpringInitApplication - Starting SpringInitApplication using Java 22.0.2 with PID 37916 (/Users/vishwassettyn/Desktop/spring_init/build/classes/java/main started by vishwassettyn in /Users/vishwassettyn/Desktop/spring_init)
21:29:33.059 [main] [] [INFO ] c.e.s.SpringInitApplication - No active profile set, falling back to 1 default profile: "default"
21:29:34.537 [main] [] [INFO ] c.e.s.SpringInitApplication - Started SpringInitApplication in 1.705 seconds (process running for 2.001)
21:29:44.854 [http-nio-8080-exec-6] [] [WARN ] c.e.spring_init.filter.LoggerFilter - Request received with null trackingId, generated trackingId is: a586fea2-ee27-41c0-92aa-1699025f8d84
21:30:01.371 [http-nio-8080-exec-8] [] [WARN ] c.e.spring_init.filter.LoggerFilter - Request received with null trackingId, generated trackingId is: 57fe69b1-760b-4757-88cb-686fbe0ccd0e
21:30:05.404 [http-nio-8080-exec-10] [] [WARN ] c.e.spring_init.filter.LoggerFilter - Request received with null trackingId, generated trackingId is: d24ffd70-e893-438b-8645-c5af932c6489
21:32:20.682 [main] [] [INFO ] c.e.s.SpringInitApplication - Starting SpringInitApplication using Java 22.0.2 with PID 37997 (/Users/vishwassettyn/Desktop/spring_init/build/classes/java/main started by vishwassettyn in /Users/vishwassettyn/Desktop/spring_init)
21:32:20.682 [main] [] [INFO ] c.e.s.SpringInitApplication - No active profile set, falling back to 1 default profile: "default"
21:32:22.942 [main] [] [INFO ] c.e.s.SpringInitApplication - Started SpringInitApplication in 2.698 seconds (process running for 3.051)
21:33:14.554 [http-nio-8080-exec-1] [] [WARN ] c.e.spring_init.filter.LoggerFilter - Request received with null trackingId, generated trackingId is: 5897c250-79f2-46f6-89c8-fa6cb90c759e
21:33:16.636 [http-nio-8080-exec-2] [] [WARN ] c.e.spring_init.filter.LoggerFilter - Request received with null trackingId, generated trackingId is: 433e0e21-11fc-45c2-a216-f2b6bf7b5575
21:33:18.424 [http-nio-8080-exec-4] [] [WARN ] c.e.spring_init.filter.LoggerFilter - Request received with null trackingId, generated trackingId is: 597a7392-f78d-4829-bb5a-a90e2ce24610
21:33:29.407 [http-nio-8080-exec-7] [] [WARN ] c.e.spring_init.filter.LoggerFilter - Request received with null trackingId, generated trackingId is: e8b26fea-4c48-49f5-b1e8-377f76443939
21:35:17.987 [main] [] [INFO ] c.e.s.SpringInitApplication - Starting SpringInitApplication using Java 22.0.2 with PID 38092 (/Users/vishwassettyn/Desktop/spring_init/build/classes/java/main started by vishwassettyn in /Users/vishwassettyn/Desktop/spring_init)
21:35:17.988 [main] [] [INFO ] c.e.s.SpringInitApplication - No active profile set, falling back to 1 default profile: "default"
21:35:19.472 [main] [] [INFO ] c.e.s.SpringInitApplication - Started SpringInitApplication in 1.71 seconds (process running for 2.006)
21:35:25.234 [http-nio-8080-exec-1] [] [WARN ] c.e.spring_init.filter.LoggerFilter - Request received with null trackingId, generated trackingId is: 2f131855-5753-41d6-9539-49934f1fef9c
22:05:35.268 [http-nio-8080-exec-2] [] [WARN ] c.e.spring_init.filter.LoggerFilter - Request received with null trackingId, generated trackingId is: 85965f69-6b1c-49cb-9c8b-966ee4e795cc
22:05:35.326 [http-nio-8080-exec-3] [] [WARN ] c.e.spring_init.filter.LoggerFilter - Request received with null trackingId, generated trackingId is: 16d2895e-43bc-4ed8-9c6e-81a986c9517f
22:05:38.645 [http-nio-8080-exec-5] [] [WARN ] c.e.spring_init.filter.LoggerFilter - Request received with null trackingId, generated trackingId is: 7cdf2d4d-7069-4717-8fee-2206bc7863e0
22:05:44.028 [http-nio-8080-exec-6] [] [WARN ] c.e.spring_init.filter.LoggerFilter - Request received with null trackingId, generated trackingId is: abb4488c-9f43-4d95-a144-795c5e0a1ade
22:05:44.064 [http-nio-8080-exec-7] [] [WARN ] c.e.spring_init.filter.LoggerFilter - Request received with null trackingId, generated trackingId is: 76c41947-7285-4416-9d4b-076230c62541
22:10:06.002 [http-nio-8080-exec-8] [] [WARN ] c.e.spring_init.filter.LoggerFilter - Request received with null trackingId, generated trackingId is: b3d35bc3-b482-4b7d-9bf2-43cf8f55484b
22:10:06.007 [http-nio-8080-exec-8] [b3d35bc3-b482-4b7d-9bf2-43cf8f55484b] [INFO ] c.e.s.service.PersonService - Fetching all persons
22:11:28.023 [http-nio-8080-exec-2] [] [WARN ] c.e.spring_init.filter.LoggerFilter - Request received with null trackingId, generated trackingId is: 8f091fd3-dcc4-40cb-9cfe-53ff5b68b522
22:11:28.038 [http-nio-8080-exec-2] [8f091fd3-dcc4-40cb-9cfe-53ff5b68b522] [INFO ] c.e.s.service.PersonService - Fetching person with name : null
22:11:30.344 [http-nio-8080-exec-3] [] [WARN ] c.e.spring_init.filter.LoggerFilter - Request received with null trackingId, generated trackingId is: 5f3c28b4-1459-47e8-baa3-9cfbd5ec7dd0
22:11:30.345 [http-nio-8080-exec-3] [5f3c28b4-1459-47e8-baa3-9cfbd5ec7dd0] [INFO ] c.e.s.service.PersonService - Fetching person with name : null
22:15:17.429 [http-nio-8080-exec-5] [] [WARN ] c.e.spring_init.filter.LoggerFilter - Request received with null trackingId, generated trackingId is: a6801fb1-9fd2-417e-ad31-9bbac2aa4475
22:15:17.430 [http-nio-8080-exec-5] [a6801fb1-9fd2-417e-ad31-9bbac2aa4475] [INFO ] c.e.s.service.PersonService - Fetching person with name : null
22:15:55.898 [http-nio-8080-exec-7] [] [WARN ] c.e.spring_init.filter.LoggerFilter - Request received with null trackingId, generated trackingId is: 25259c4a-af00-423b-ad44-15b8779d805b
22:15:55.900 [http-nio-8080-exec-7] [25259c4a-af00-423b-ad44-15b8779d805b] [INFO ] c.e.s.service.PersonService - Fetching person with name : null
22:18:49.577 [main] [] [INFO ] c.e.s.SpringInitApplication - Starting SpringInitApplication using Java 22.0.2 with PID 38839 (/Users/vishwassettyn/Desktop/spring_init/build/classes/java/main started by vishwassettyn in /Users/vishwassettyn/Desktop/spring_init)
22:18:49.579 [main] [] [INFO ] c.e.s.SpringInitApplication - No active profile set, falling back to 1 default profile: "default"
22:18:51.495 [main] [] [INFO ] c.e.s.SpringInitApplication - Started SpringInitApplication in 2.193 seconds (process running for 2.663)
22:18:52.272 [http-nio-8080-exec-1] [] [WARN ] c.e.spring_init.filter.LoggerFilter - Request received with null trackingId, generated trackingId is: e69d5530-1f7d-45a0-a331-997bbc98c42a
22:18:52.283 [http-nio-8080-exec-1] [e69d5530-1f7d-45a0-a331-997bbc98c42a] [INFO ] c.e.s.service.PersonService - Fetching person with name : null
22:19:08.787 [http-nio-8080-exec-3] [] [WARN ] c.e.spring_init.filter.LoggerFilter - Request received with null trackingId, generated trackingId is: 810a0f53-f392-4ee7-8ad8-9db3e517640c
22:19:08.789 [http-nio-8080-exec-3] [810a0f53-f392-4ee7-8ad8-9db3e517640c] [INFO ] c.e.s.service.PersonService - Fetching person with name : null
22:19:30.603 [main] [] [INFO ] c.e.s.SpringInitApplication - Starting SpringInitApplication using Java 22.0.2 with PID 38866 (/Users/vishwassettyn/Desktop/spring_init/build/classes/java/main started by vishwassettyn in /Users/vishwassettyn/Desktop/spring_init)
22:19:30.604 [main] [] [INFO ] c.e.s.SpringInitApplication - No active profile set, falling back to 1 default profile: "default"
22:19:32.401 [main] [] [INFO ] c.e.s.SpringInitApplication - Started SpringInitApplication in 2.036 seconds (process running for 2.386)
22:19:34.371 [http-nio-8080-exec-2] [] [WARN ] c.e.spring_init.filter.LoggerFilter - Request received with null trackingId, generated trackingId is: 6daaac01-34c4-4275-a923-fd9a825f40b8
22:19:58.952 [main] [] [INFO ] c.e.s.SpringInitApplication - Starting SpringInitApplication using Java 22.0.2 with PID 38886 (/Users/vishwassettyn/Desktop/spring_init/build/classes/java/main started by vishwassettyn in /Users/vishwassettyn/Desktop/spring_init)
22:19:58.953 [main] [] [INFO ] c.e.s.SpringInitApplication - No active profile set, falling back to 1 default profile: "default"
22:20:00.370 [main] [] [INFO ] c.e.s.SpringInitApplication - Started SpringInitApplication in 1.643 seconds (process running for 1.921)
22:20:04.545 [http-nio-8080-exec-1] [] [WARN ] c.e.spring_init.filter.LoggerFilter - Request received with null trackingId, generated trackingId is: 998be780-fb55-4799-a9b3-5e1cd912efe5
22:20:04.563 [http-nio-8080-exec-1] [998be780-fb55-4799-a9b3-5e1cd912efe5] [INFO ] c.e.s.service.PersonService - Fetching person with name : null
22:21:06.113 [main] [] [INFO ] c.e.s.SpringInitApplication - Starting SpringInitApplication using Java 22.0.2 with PID 38918 (/Users/vishwassettyn/Desktop/spring_init/build/classes/java/main started by vishwassettyn in /Users/vishwassettyn/Desktop/spring_init)
22:21:06.114 [main] [] [INFO ] c.e.s.SpringInitApplication - No active profile set, falling back to 1 default profile: "default"
22:21:07.605 [main] [] [INFO ] c.e.s.SpringInitApplication - Started SpringInitApplication in 1.716 seconds (process running for 2.026)
22:21:21.846 [http-nio-8080-exec-1] [] [WARN ] c.e.spring_init.filter.LoggerFilter - Request received with null trackingId, generated trackingId is: 87e69aa5-f5fb-41d9-bc3a-166d4b719708
22:21:21.862 [http-nio-8080-exec-1] [87e69aa5-f5fb-41d9-bc3a-166d4b719708] [INFO ] c.e.s.service.PersonService - Fetching person with name : vsetty
22:21:45.769 [http-nio-8080-exec-3] [] [WARN ] c.e.spring_init.filter.LoggerFilter - Request received with null trackingId, generated trackingId is: ee461e46-d7f8-4c38-a820-35d43148f214
22:21:45.771 [http-nio-8080-exec-3] [ee461e46-d7f8-4c38-a820-35d43148f214] [INFO ] c.e.s.service.PersonService - Fetching person with name : vsetty
22:22:48.930 [http-nio-8080-exec-4] [] [WARN ] c.e.spring_init.filter.LoggerFilter - Request received with null trackingId, generated trackingId is: 7df88cba-42ae-42c3-92d8-09676e62a949
22:22:48.933 [http-nio-8080-exec-4] [7df88cba-42ae-42c3-92d8-09676e62a949] [INFO ] c.e.s.service.PersonService - Fetching person with name : vsetty
22:22:54.825 [http-nio-8080-exec-6] [] [WARN ] c.e.spring_init.filter.LoggerFilter - Request received with null trackingId, generated trackingId is: cff3992f-2605-4476-8c1f-01d209d92921
22:22:54.845 [http-nio-8080-exec-6] [cff3992f-2605-4476-8c1f-01d209d92921] [INFO ] c.e.s.service.PersonService - Fetching all persons
22:23:03.995 [http-nio-8080-exec-7] [] [WARN ] c.e.spring_init.filter.LoggerFilter - Request received with null trackingId, generated trackingId is: 5fa2267b-1890-4655-80e4-50a04eda5de2
22:23:04.031 [http-nio-8080-exec-7] [5fa2267b-1890-4655-80e4-50a04eda5de2] [INFO ] c.e.s.service.PersonService - Adding person in servicePerson(id=null, name=vsetty, address=Bhalli, state=KA, pinCode=560068, email=vsetty@gs.com)
22:23:14.379 [http-nio-8080-exec-8] [] [WARN ] c.e.spring_init.filter.LoggerFilter - Request received with null trackingId, generated trackingId is: 8c136b2b-80b0-4b73-b641-4edfd57d1624
22:23:14.380 [http-nio-8080-exec-8] [8c136b2b-80b0-4b73-b641-4edfd57d1624] [INFO ] c.e.s.service.PersonService - Fetching person with name : vsetty
22:26:07.220 [main] [] [INFO ] c.e.s.SpringInitApplication - Starting SpringInitApplication using Java 22.0.2 with PID 39019 (/Users/vishwassettyn/Desktop/spring_init/build/classes/java/main started by vishwassettyn in /Users/vishwassettyn/Desktop/spring_init)
22:26:07.221 [main] [] [INFO ] c.e.s.SpringInitApplication - No active profile set, falling back to 1 default profile: "default"
22:26:08.875 [main] [] [INFO ] c.e.s.SpringInitApplication - Started SpringInitApplication in 1.895 seconds (process running for 2.209)
22:26:44.649 [main] [] [INFO ] c.e.s.SpringInitApplication - Starting SpringInitApplication using Java 22.0.2 with PID 39037 (/Users/vishwassettyn/Desktop/spring_init/build/classes/java/main started by vishwassettyn in /Users/vishwassettyn/Desktop/spring_init)
22:26:44.650 [main] [] [INFO ] c.e.s.SpringInitApplication - No active profile set, falling back to 1 default profile: "default"
22:26:46.132 [main] [] [INFO ] c.e.s.SpringInitApplication - Started SpringInitApplication in 1.715 seconds (process running for 2.006)
22:28:02.482 [main] [] [INFO ] c.e.s.SpringInitApplication - Starting SpringInitApplication using Java 22.0.2 with PID 39062 (/Users/vishwassettyn/Desktop/spring_init/build/classes/java/main started by vishwassettyn in /Users/vishwassettyn/Desktop/spring_init)
22:28:02.483 [main] [] [INFO ] c.e.s.SpringInitApplication - No active profile set, falling back to 1 default profile: "default"
22:28:04.829 [main] [] [INFO ] c.e.s.SpringInitApplication - Started SpringInitApplication in 2.567 seconds (process running for 2.848)
22:31:40.898 [http-nio-8080-exec-3] [] [WARN ] c.e.spring_init.filter.LoggerFilter - Request received with null trackingId, generated trackingId is: f493c59d-cc1c-40f5-99a6-7f9f1ef92e87
22:32:53.743 [http-nio-8080-exec-5] [] [WARN ] c.e.spring_init.filter.LoggerFilter - Request received with null trackingId, generated trackingId is: d3c3c040-3942-4057-bb2b-1bbd0059d2dc
22:33:01.295 [http-nio-8080-exec-6] [] [WARN ] c.e.spring_init.filter.LoggerFilter - Request received with null trackingId, generated trackingId is: 555babca-2896-46a0-abbf-c0d29cfbe2a6
22:33:01.309 [http-nio-8080-exec-6] [555babca-2896-46a0-abbf-c0d29cfbe2a6] [INFO ] c.e.s.service.PersonService - Adding person in servicePerson(id=null, name=vsetty, address=Bhalli, state=KA, pinCode=560068, email=vsetty@gs.com)
22:33:09.311 [http-nio-8080-exec-7] [] [WARN ] c.e.spring_init.filter.LoggerFilter - Request received with null trackingId, generated trackingId is: 9cef8565-5f88-4d68-8ce2-e7a217557769
22:33:09.318 [http-nio-8080-exec-7] [9cef8565-5f88-4d68-8ce2-e7a217557769] [INFO ] c.e.s.service.PersonService - Fetching person with name : vsetty
22:45:53.280 [main] [] [INFO ] c.e.s.SpringInitApplication - Starting SpringInitApplication using Java 22.0.2 with PID 39516 (/Users/vishwassettyn/Desktop/spring_init/build/classes/java/main started by vishwassettyn in /Users/vishwassettyn/Desktop/spring_init)
22:45:53.281 [main] [] [INFO ] c.e.s.SpringInitApplication - No active profile set, falling back to 1 default profile: "default"
22:45:54.693 [main] [] [INFO ] c.e.s.SpringInitApplication - Started SpringInitApplication in 1.672 seconds (process running for 1.924)
22:46:06.382 [main] [] [INFO ] c.e.s.SpringInitApplication - Starting SpringInitApplication using Java 22.0.2 with PID 39530 (/Users/vishwassettyn/Desktop/spring_init/build/classes/java/main started by vishwassettyn in /Users/vishwassettyn/Desktop/spring_init)
22:46:06.383 [main] [] [INFO ] c.e.s.SpringInitApplication - No active profile set, falling back to 1 default profile: "default"
22:46:08.417 [main] [] [INFO ] c.e.s.SpringInitApplication - Started SpringInitApplication in 2.241 seconds (process running for 2.486)
22:46:27.078 [http-nio-8080-exec-2] [] [WARN ] c.e.spring_init.filter.LoggerFilter - Request received with null trackingId, generated trackingId is: 4b5e686c-77db-42e6-b6b7-1c9353cab23f
22:46:27.130 [http-nio-8080-exec-2] [4b5e686c-77db-42e6-b6b7-1c9353cab23f] [INFO ] c.e.s.service.PersonService - Adding person in servicePerson(id=null, name=vsetty, address=null, state=KA, pinCode=560068, email=vsetty@gs.com)
22:49:28.639 [main] [] [INFO ] c.e.s.SpringInitApplication - Starting SpringInitApplication using Java 22.0.2 with PID 39593 (/Users/vishwassettyn/Desktop/spring_init/build/classes/java/main started by vishwassettyn in /Users/vishwassettyn/Desktop/spring_init)
22:49:28.639 [main] [] [INFO ] c.e.s.SpringInitApplication - No active profile set, falling back to 1 default profile: "default"
22:49:29.962 [main] [] [INFO ] c.e.s.SpringInitApplication - Started SpringInitApplication in 1.537 seconds (process running for 1.772)
22:49:47.371 [http-nio-8080-exec-2] [] [WARN ] c.e.spring_init.filter.LoggerFilter - Request received with null trackingId, generated trackingId is: 76af1808-4d25-4746-a0a0-9d29b301a5fa
22:50:01.590 [http-nio-8080-exec-4] [] [WARN ] c.e.spring_init.filter.LoggerFilter - Request received with null trackingId, generated trackingId is: 0b182c71-01a0-44f3-affc-3c619c1000b9
22:50:01.635 [http-nio-8080-exec-4] [0b182c71-01a0-44f3-affc-3c619c1000b9] [INFO ] c.e.s.service.PersonService - Adding person in servicePerson(id=null, name=vsettyn, address=GBpalya, state=KA, pinCode=560068, email=vsetty@gmail.com)
22:50:14.869 [http-nio-8080-exec-5] [] [WARN ] c.e.spring_init.filter.LoggerFilter - Request received with null trackingId, generated trackingId is: 28759142-c70f-43c3-a0bd-e443a048d949
22:50:14.870 [http-nio-8080-exec-5] [28759142-c70f-43c3-a0bd-e443a048d949] [INFO ] c.e.s.service.PersonService - Fetching all persons
22:51:30.068 [main] [] [INFO ] c.e.s.SpringInitApplication - Starting SpringInitApplication using Java 22.0.2 with PID 39650 (/Users/vishwassettyn/Desktop/spring_init/build/classes/java/main started by vishwassettyn in /Users/vishwassettyn/Desktop/spring_init)
22:51:30.069 [main] [] [INFO ] c.e.s.SpringInitApplication - No active profile set, falling back to 1 default profile: "default"
22:51:44.334 [main] [] [INFO ] c.e.s.SpringInitApplication - Starting SpringInitApplication using Java 22.0.2 with PID 39657 (/Users/vishwassettyn/Desktop/spring_init/build/classes/java/main started by vishwassettyn in /Users/vishwassettyn/Desktop/spring_init)
22:51:44.335 [main] [] [INFO ] c.e.s.SpringInitApplication - No active profile set, falling back to 1 default profile: "default"
22:51:45.711 [main] [] [INFO ] c.e.s.SpringInitApplication - Started SpringInitApplication in 1.594 seconds (process running for 1.831)
22:52:39.243 [main] [] [INFO ] c.e.s.SpringInitApplication - Starting SpringInitApplication using Java 22.0.2 with PID 39682 (/Users/vishwassettyn/Desktop/spring_init/build/classes/java/main started by vishwassettyn in /Users/vishwassettyn/Desktop/spring_init)
22:52:39.244 [main] [] [INFO ] c.e.s.SpringInitApplication - No active profile set, falling back to 1 default profile: "default"
22:52:40.582 [main] [] [INFO ] c.e.s.SpringInitApplication - Started SpringInitApplication in 1.549 seconds (process running for 1.798)
22:53:22.853 [main] [] [INFO ] c.e.s.SpringInitApplication - Starting SpringInitApplication using Java 22.0.2 with PID 39695 (/Users/vishwassettyn/Desktop/spring_init/build/classes/java/main started by vishwassettyn in /Users/vishwassettyn/Desktop/spring_init)
22:53:22.853 [main] [] [INFO ] c.e.s.SpringInitApplication - No active profile set, falling back to 1 default profile: "default"
22:54:00.948 [main] [] [INFO ] c.e.s.SpringInitApplication - Starting SpringInitApplication using Java 22.0.2 with PID 39709 (/Users/vishwassettyn/Desktop/spring_init/build/classes/java/main started by vishwassettyn in /Users/vishwassettyn/Desktop/spring_init)
22:54:00.949 [main] [] [INFO ] c.e.s.SpringInitApplication - No active profile set, falling back to 1 default profile: "default"
22:54:51.215 [main] [] [INFO ] c.e.s.SpringInitApplication - Starting SpringInitApplication using Java 22.0.2 with PID 39730 (/Users/vishwassettyn/Desktop/spring_init/build/classes/java/main started by vishwassettyn in /Users/vishwassettyn/Desktop/spring_init)
22:54:51.215 [main] [] [INFO ] c.e.s.SpringInitApplication - No active profile set, falling back to 1 default profile: "default"
22:54:52.698 [main] [] [INFO ] c.e.s.SpringInitApplication - Started SpringInitApplication in 1.705 seconds (process running for 1.949)
22:55:01.722 [http-nio-8080-exec-1] [] [WARN ] c.e.spring_init.filter.LoggerFilter - Request received with null trackingId, generated trackingId is: f0acdfa6-3474-4258-9a42-9eee9fdc3efc
22:55:01.736 [http-nio-8080-exec-1] [f0acdfa6-3474-4258-9a42-9eee9fdc3efc] [INFO ] c.e.s.service.PersonService - Fetching person with name : vsetty
22:55:05.007 [http-nio-8080-exec-3] [] [WARN ] c.e.spring_init.filter.LoggerFilter - Request received with null trackingId, generated trackingId is: ab3bb398-e722-407a-bebd-a6a7c03afaa1
22:55:25.637 [main] [] [INFO ] c.e.s.SpringInitApplication - Starting SpringInitApplication using Java 22.0.2 with PID 39744 (/Users/vishwassettyn/Desktop/spring_init/build/classes/java/main started by vishwassettyn in /Users/vishwassettyn/Desktop/spring_init)
22:55:25.638 [main] [] [INFO ] c.e.s.SpringInitApplication - No active profile set, falling back to 1 default profile: "default"
22:55:27.006 [main] [] [INFO ] c.e.s.SpringInitApplication - Started SpringInitApplication in 1.576 seconds (process running for 1.827)
22:55:30.748 [http-nio-8080-exec-1] [] [WARN ] c.e.spring_init.filter.LoggerFilter - Request received with null trackingId, generated trackingId is: 82d748b4-8630-4687-a6a8-2d898134bf33
22:55:30.757 [http-nio-8080-exec-1] [82d748b4-8630-4687-a6a8-2d898134bf33] [INFO ] c.e.s.service.PersonService - Fetching all persons
22:55:30.766 [http-nio-8080-exec-1] [82d748b4-8630-4687-a6a8-2d898134bf33] [INFO ] c.e.s.service.PersonService - Fetching person with name : null
22:55:40.362 [http-nio-8080-exec-2] [] [WARN ] c.e.spring_init.filter.LoggerFilter - Request received with null trackingId, generated trackingId is: 353e1c1c-49b6-4144-8b86-a0f31727c2fd
22:55:40.365 [http-nio-8080-exec-2] [353e1c1c-49b6-4144-8b86-a0f31727c2fd] [INFO ] c.e.s.service.PersonService - Fetching person with name : vsetty
22:55:55.455 [http-nio-8080-exec-4] [] [WARN ] c.e.spring_init.filter.LoggerFilter - Request received with null trackingId, generated trackingId is: 1e0dcecb-b402-4f79-8171-29a0f9bcf629
22:55:55.458 [http-nio-8080-exec-4] [1e0dcecb-b402-4f79-8171-29a0f9bcf629] [INFO ] c.e.s.service.PersonService - Fetching all persons
22:55:55.463 [http-nio-8080-exec-4] [1e0dcecb-b402-4f79-8171-29a0f9bcf629] [INFO ] c.e.s.service.PersonService - Fetching person with name : null
22:56:11.388 [main] [] [INFO ] c.e.s.SpringInitApplication - Starting SpringInitApplication using Java 22.0.2 with PID 39758 (/Users/vishwassettyn/Desktop/spring_init/build/classes/java/main started by vishwassettyn in /Users/vishwassettyn/Desktop/spring_init)
22:56:11.389 [main] [] [INFO ] c.e.s.SpringInitApplication - No active profile set, falling back to 1 default profile: "default"
22:56:12.734 [main] [] [INFO ] c.e.s.SpringInitApplication - Started SpringInitApplication in 1.554 seconds (process running for 1.806)
22:56:16.540 [http-nio-8080-exec-2] [] [WARN ] c.e.spring_init.filter.LoggerFilter - Request received with null trackingId, generated trackingId is: dcb064fc-c237-4402-a28b-7bb402293f46
22:56:16.553 [http-nio-8080-exec-2] [dcb064fc-c237-4402-a28b-7bb402293f46] [INFO ] c.e.s.service.PersonService - Fetching all persons
22:56:16.559 [http-nio-8080-exec-2] [dcb064fc-c237-4402-a28b-7bb402293f46] [INFO ] c.e.s.service.PersonService - Fetching person with name : null
22:57:08.524 [main] [] [INFO ] c.e.s.SpringInitApplication - Starting SpringInitApplication using Java 22.0.2 with PID 39784 (/Users/vishwassettyn/Desktop/spring_init/build/classes/java/main started by vishwassettyn in /Users/vishwassettyn/Desktop/spring_init)
22:57:08.525 [main] [] [INFO ] c.e.s.SpringInitApplication - No active profile set, falling back to 1 default profile: "default"
22:57:09.871 [main] [] [INFO ] c.e.s.SpringInitApplication - Started SpringInitApplication in 1.572 seconds (process running for 1.817)
22:57:32.799 [main] [] [INFO ] c.e.s.SpringInitApplication - Starting SpringInitApplication using Java 22.0.2 with PID 39795 (/Users/vishwassettyn/Desktop/spring_init/build/classes/java/main started by vishwassettyn in /Users/vishwassettyn/Desktop/spring_init)
22:57:32.800 [main] [] [INFO ] c.e.s.SpringInitApplication - No active profile set, falling back to 1 default profile: "default"
22:57:34.127 [main] [] [INFO ] c.e.s.SpringInitApplication - Started SpringInitApplication in 1.586 seconds (process running for 1.88)
22:57:40.941 [http-nio-8080-exec-2] [] [WARN ] c.e.spring_init.filter.LoggerFilter - Request received with null trackingId, generated trackingId is: c2a805d2-01f5-43a0-ba37-6a2fcf4dd06d
22:57:40.951 [http-nio-8080-exec-2] [c2a805d2-01f5-43a0-ba37-6a2fcf4dd06d] [INFO ] c.e.s.service.PersonService - Fetching all persons
22:57:47.585 [http-nio-8080-exec-3] [] [WARN ] c.e.spring_init.filter.LoggerFilter - Request received with null trackingId, generated trackingId is: 6aac6dbc-a6b4-408e-a620-a92693e79c57
22:57:47.588 [http-nio-8080-exec-3] [6aac6dbc-a6b4-408e-a620-a92693e79c57] [INFO ] c.e.s.service.PersonService - Fetching person with name : vsetty
22:57:49.896 [http-nio-8080-exec-4] [] [WARN ] c.e.spring_init.filter.LoggerFilter - Request received with null trackingId, generated trackingId is: c376cc43-0ec1-42c9-8fb2-26161ffc16c6
22:57:49.897 [http-nio-8080-exec-4] [c376cc43-0ec1-42c9-8fb2-26161ffc16c6] [INFO ] c.e.s.service.PersonService - Fetching person with name : vsettyn
22:59:00.683 [main] [] [INFO ] c.e.s.SpringInitApplication - Starting SpringInitApplication using Java 22.0.2 with PID 39862 (/Users/vishwassettyn/Desktop/spring_init/build/classes/java/main started by vishwassettyn in /Users/vishwassettyn/Desktop/spring_init)
22:59:00.684 [main] [] [INFO ] c.e.s.SpringInitApplication - No active profile set, falling back to 1 default profile: "default"
22:59:02.008 [main] [] [INFO ] c.e.s.SpringInitApplication - Started SpringInitApplication in 1.532 seconds (process running for 1.771)
23:45:28.323 [Test worker] [] [INFO ] c.e.s.SpringInitApplicationTests - Starting SpringInitApplicationTests using Java 21.0.4 with PID 45596 (started by vishwassettyn in /Users/vishwassettyn/Desktop/spring_init)
23:45:28.324 [Test worker] [] [INFO ] c.e.s.SpringInitApplicationTests - No active profile set, falling back to 1 default profile: "default"
23:45:29.557 [Test worker] [] [INFO ] c.e.s.SpringInitApplicationTests - Started SpringInitApplicationTests in 1.387 seconds (process running for 2.281)
23:45:30.077 [Test worker] [] [INFO ] c.e.s.c.PersonControllerTest - Starting PersonControllerTest using Java 21.0.4 with PID 45596 (started by vishwassettyn in /Users/vishwassettyn/Desktop/spring_init)
23:45:30.078 [Test worker] [] [INFO ] c.e.s.c.PersonControllerTest - No active profile set, falling back to 1 default profile: "default"
23:45:30.579 [Test worker] [] [INFO ] c.e.s.c.PersonControllerTest - Started PersonControllerTest in 0.513 seconds (process running for 3.302)
23:45:30.593 [Test worker] [] [INFO ] c.e.s.service.PersonService - Fetching all persons
23:45:30.599 [Test worker] [] [INFO ] c.e.s.service.PersonService - Deleting person with name : name
23:45:30.600 [Test worker] [] [INFO ] c.e.s.service.PersonService - Fetching person with name : name
23:45:30.614 [Test worker] [] [INFO ] c.e.s.service.PersonService - Adding person in servicePerson(id=null, name=name, address=null, state=null, pinCode=560068, email=null)
23:45:30.629 [Test worker] [] [INFO ] c.e.s.service.PersonService - Fetching person with name : name
23:45:30.665 [Test worker] [] [INFO ] c.e.s.service.PersonServiceTest - Starting PersonServiceTest using Java 21.0.4 with PID 45596 (started by vishwassettyn in /Users/vishwassettyn/Desktop/spring_init)
23:45:30.665 [Test worker] [] [INFO ] c.e.s.service.PersonServiceTest - No active profile set, falling back to 1 default profile: "default"
23:45:30.747 [Test worker] [] [INFO ] c.e.s.service.PersonServiceTest - Started PersonServiceTest in 0.096 seconds (process running for 3.47)
23:48:40.414 [Test worker] [] [INFO ] c.e.s.service.PersonServiceTest - Starting PersonServiceTest using Java 21.0.4 with PID 45645 (started by vishwassettyn in /Users/vishwassettyn/Desktop/spring_init)
23:48:40.415 [Test worker] [] [INFO ] c.e.s.service.PersonServiceTest - No active profile set, falling back to 1 default profile: "default"
23:48:40.911 [Test worker] [] [INFO ] c.e.s.service.PersonServiceTest - Started PersonServiceTest in 0.646 seconds (process running for 1.335)
23:51:55.005 [Test worker] [] [INFO ] c.e.s.service.PersonServiceTest - Starting PersonServiceTest using Java 21.0.4 with PID 45670 (started by vishwassettyn in /Users/vishwassettyn/Desktop/spring_init)
23:51:55.006 [Test worker] [] [INFO ] c.e.s.service.PersonServiceTest - No active profile set, falling back to 1 default profile: "default"
23:51:55.536 [Test worker] [] [INFO ] c.e.s.service.PersonServiceTest - Started PersonServiceTest in 0.682 seconds (process running for 1.278)
23:56:20.986 [Test worker] [] [INFO ] c.e.s.SpringInitApplicationTests - Starting SpringInitApplicationTests using Java 21.0.4 with PID 45739 (started by vishwassettyn in /Users/vishwassettyn/Desktop/spring_init)
23:56:20.987 [Test worker] [] [INFO ] c.e.s.SpringInitApplicationTests - No active profile set, falling back to 1 default profile: "default"
23:56:22.158 [Test worker] [] [INFO ] c.e.s.SpringInitApplicationTests - Started SpringInitApplicationTests in 1.286 seconds (process running for 1.822)
23:56:22.664 [Test worker] [] [INFO ] c.e.s.c.PersonControllerTest - Starting PersonControllerTest using Java 21.0.4 with PID 45739 (started by vishwassettyn in /Users/vishwassettyn/Desktop/spring_init)
23:56:22.664 [Test worker] [] [INFO ] c.e.s.c.PersonControllerTest - No active profile set, falling back to 1 default profile: "default"
23:56:23.105 [Test worker] [] [INFO ] c.e.s.c.PersonControllerTest - Started PersonControllerTest in 0.452 seconds (process running for 2.769)
23:56:23.121 [Test worker] [] [INFO ] c.e.s.service.PersonService - Fetching all persons
23:56:23.128 [Test worker] [] [INFO ] c.e.s.service.PersonService - Deleting person with name : name
23:56:23.129 [Test worker] [] [INFO ] c.e.s.service.PersonService - Fetching person with name : name
23:56:23.139 [Test worker] [] [INFO ] c.e.s.service.PersonService - Adding person in servicePerson(id=null, name=name, address=null, state=null, pinCode=560068, email=null)
23:56:23.142 [Test worker] [] [INFO ] c.e.s.service.PersonService - Fetching person with name : name
23:57:07.689 [Test worker] [] [INFO ] c.e.s.SpringInitApplicationTests - Starting SpringInitApplicationTests using Java 21.0.4 with PID 45772 (started by vishwassettyn in /Users/vishwassettyn/Desktop/spring_init)
23:57:07.690 [Test worker] [] [INFO ] c.e.s.SpringInitApplicationTests - No active profile set, falling back to 1 default profile: "default"
23:57:08.828 [Test worker] [] [INFO ] c.e.s.SpringInitApplicationTests - Started SpringInitApplicationTests in 1.254 seconds (process running for 1.805)
23:57:09.331 [Test worker] [] [INFO ] c.e.s.c.PersonControllerTest - Starting PersonControllerTest using Java 21.0.4 with PID 45772 (started by vishwassettyn in /Users/vishwassettyn/Desktop/spring_init)
23:57:09.331 [Test worker] [] [INFO ] c.e.s.c.PersonControllerTest - No active profile set, falling back to 1 default profile: "default"
23:57:09.828 [Test worker] [] [INFO ] c.e.s.c.PersonControllerTest - Started PersonControllerTest in 0.507 seconds (process running for 2.805)
23:57:09.842 [Test worker] [] [INFO ] c.e.s.service.PersonService - Fetching all persons
23:57:09.849 [Test worker] [] [INFO ] c.e.s.service.PersonService - Fetching person with name : name
13:30:37.657 [Test worker] [] [INFO ] c.e.s.c.PersonControllerTest - Starting PersonControllerTest using Java 21.0.4 with PID 49804 (started by vishwassettyn in /Users/vishwassettyn/Downloads/spring_init)
13:30:37.660 [Test worker] [] [INFO ] c.e.s.c.PersonControllerTest - No active profile set, falling back to 1 default profile: "default"
13:30:39.449 [Test worker] [] [INFO ] c.e.s.c.PersonControllerTest - Started PersonControllerTest in 1.927 seconds (process running for 2.554)
13:30:39.532 [Test worker] [] [INFO ] c.e.s.service.PersonService - Adding person in servicePerson(id=null, name=name, address=null, state=null, pinCode=560068, email=null)
13:31:32.786 [Test worker] [] [INFO ] c.e.s.c.PersonControllerTest - Starting PersonControllerTest using Java 21.0.4 with PID 49825 (started by vishwassettyn in /Users/vishwassettyn/Downloads/spring_init)
13:31:32.787 [Test worker] [] [INFO ] c.e.s.c.PersonControllerTest - No active profile set, falling back to 1 default profile: "default"
13:31:34.706 [Test worker] [] [INFO ] c.e.s.c.PersonControllerTest - Started PersonControllerTest in 2.046 seconds (process running for 2.641)
13:31:34.784 [Test worker] [] [INFO ] c.e.s.service.PersonService - Adding person in servicePerson(id=null, name=name, address=bangalore, state=null, pinCode=560068, email=null)
13:31:39.780 [Test worker] [] [INFO ] c.e.s.c.PersonControllerTest - Starting PersonControllerTest using Java 21.0.4 with PID 49838 (started by vishwassettyn in /Users/vishwassettyn/Downloads/spring_init)
13:31:39.781 [Test worker] [] [INFO ] c.e.s.c.PersonControllerTest - No active profile set, falling back to 1 default profile: "default"
13:31:41.726 [Test worker] [] [INFO ] c.e.s.c.PersonControllerTest - Started PersonControllerTest in 2.071 seconds (process running for 2.685)
13:31:41.791 [Test worker] [] [INFO ] c.e.s.service.PersonService - Adding person in servicePerson(id=null, name=name, address=null, state=null, pinCode=560068, email=null)
13:34:18.643 [Test worker] [] [INFO ] c.e.s.c.PersonControllerTest - Starting PersonControllerTest using Java 21.0.4 with PID 49878 (started by vishwassettyn in /Users/vishwassettyn/Downloads/spring_init)
13:34:18.644 [Test worker] [] [INFO ] c.e.s.c.PersonControllerTest - No active profile set, falling back to 1 default profile: "default"
13:34:20.668 [Test worker] [] [INFO ] c.e.s.c.PersonControllerTest - Started PersonControllerTest in 2.157 seconds (process running for 2.942)
13:34:20.733 [Test worker] [] [INFO ] c.e.s.service.PersonService - Adding person in servicePerson(id=null, name=name, address=null, state=null, pinCode=560068, email=null)
13:36:02.238 [Test worker] [] [INFO ] c.e.s.c.PersonControllerTest - Starting PersonControllerTest using Java 21.0.4 with PID 49931 (started by vishwassettyn in /Users/vishwassettyn/Downloads/spring_init)
13:36:02.238 [Test worker] [] [INFO ] c.e.s.c.PersonControllerTest - No active profile set, falling back to 1 default profile: "default"
13:36:04.175 [Test worker] [] [INFO ] c.e.s.c.PersonControllerTest - Started PersonControllerTest in 2.055 seconds (process running for 2.645)
13:36:04.254 [Test worker] [] [INFO ] c.e.s.service.PersonService - Adding person in servicePerson(id=null, name=name, address=null, state=null, pinCode=560068, email=null)
13:39:16.251 [Test worker] [] [INFO ] c.e.s.c.PersonControllerTest - Starting PersonControllerTest using Java 21.0.4 with PID 49972 (started by vishwassettyn in /Users/vishwassettyn/Downloads/spring_init)
13:39:16.252 [Test worker] [] [INFO ] c.e.s.c.PersonControllerTest - No active profile set, falling back to 1 default profile: "default"
13:39:18.278 [Test worker] [] [INFO ] c.e.s.c.PersonControllerTest - Started PersonControllerTest in 2.144 seconds (process running for 2.734)
13:39:18.357 [Test worker] [] [INFO ] c.e.s.service.PersonService - Adding person in servicePerson(id=null, name=name, address=null, state=null, pinCode=560068, email=null)
13:39:30.598 [Test worker] [] [INFO ] c.e.s.c.PersonControllerTest - Starting PersonControllerTest using Java 21.0.4 with PID 49982 (started by vishwassettyn in /Users/vishwassettyn/Downloads/spring_init)
13:39:30.599 [Test worker] [] [INFO ] c.e.s.c.PersonControllerTest - No active profile set, falling back to 1 default profile: "default"
13:39:32.677 [Test worker] [] [INFO ] c.e.s.c.PersonControllerTest - Started PersonControllerTest in 2.319 seconds (process running for 2.925)
13:39:32.740 [Test worker] [] [INFO ] c.e.s.service.PersonService - Fetching all persons
13:39:32.752 [Test worker] [] [INFO ] c.e.s.service.PersonService - Deleting person with name : name
13:39:32.753 [Test worker] [] [INFO ] c.e.s.service.PersonService - Fetching person with name : name
13:39:32.762 [Test worker] [] [INFO ] c.e.s.service.PersonService - Adding person in servicePerson(id=null, name=name, address=null, state=null, pinCode=560068, email=null)
13:39:32.765 [Test worker] [] [INFO ] c.e.s.service.PersonService - Adding person in servicePerson(id=null, name=name, address=bangalore, state=null, pinCode=560068, email=null)
13:39:32.767 [Test worker] [] [INFO ] c.e.s.service.PersonService - Fetching person with name : name
13:41:13.825 [Test worker] [] [INFO ] c.e.s.c.PersonControllerTest - Starting PersonControllerTest using Java 21.0.4 with PID 50000 (started by vishwassettyn in /Users/vishwassettyn/Downloads/spring_init)
13:41:13.825 [Test worker] [] [INFO ] c.e.s.c.PersonControllerTest - No active profile set, falling back to 1 default profile: "default"
13:41:16.016 [Test worker] [] [INFO ] c.e.s.c.PersonControllerTest - Started PersonControllerTest in 2.311 seconds (process running for 2.926)
13:41:16.077 [Test worker] [] [INFO ] c.e.s.service.PersonService - Deleting person with name : name
13:41:16.079 [Test worker] [] [INFO ] c.e.s.service.PersonService - Fetching person with name : name
13:42:44.569 [Test worker] [] [INFO ] c.e.s.c.PersonControllerTest - Starting PersonControllerTest using Java 21.0.4 with PID 50018 (started by vishwassettyn in /Users/vishwassettyn/Downloads/spring_init)
13:42:44.570 [Test worker] [] [INFO ] c.e.s.c.PersonControllerTest - No active profile set, falling back to 1 default profile: "default"
13:42:46.697 [Test worker] [] [INFO ] c.e.s.c.PersonControllerTest - Started PersonControllerTest in 2.29 seconds (process running for 3.475)
13:42:46.783 [Test worker] [] [INFO ] c.e.s.service.PersonService - Deleting person with name : name
13:42:54.069 [Test worker] [] [INFO ] c.e.s.service.PersonService - Fetching person with name : name
13:43:04.320 [Test worker] [] [INFO ] c.e.s.service.PersonService - Fetching person with name : name
13:48:49.744 [Test worker] [] [INFO ] c.e.s.c.PersonControllerTest - Starting PersonControllerTest using Java 21.0.4 with PID 50079 (started by vishwassettyn in /Users/vishwassettyn/Downloads/spring_init)
13:48:49.744 [Test worker] [] [INFO ] c.e.s.c.PersonControllerTest - No active profile set, falling back to 1 default profile: "default"
13:48:51.651 [Test worker] [] [INFO ] c.e.s.c.PersonControllerTest - Started PersonControllerTest in 2.042 seconds (process running for 2.735)
13:48:51.717 [Test worker] [] [INFO ] c.e.s.service.PersonService - Deleting person with name : name
13:48:51.720 [Test worker] [] [INFO ] c.e.s.service.PersonService - Fetching person with name : name
13:48:58.628 [Test worker] [] [INFO ] c.e.s.c.PersonControllerTest - Starting PersonControllerTest using Java 21.0.4 with PID 50092 (started by vishwassettyn in /Users/vishwassettyn/Downloads/spring_init)
13:48:58.628 [Test worker] [] [INFO ] c.e.s.c.PersonControllerTest - No active profile set, falling back to 1 default profile: "default"
13:49:00.810 [Test worker] [] [INFO ] c.e.s.c.PersonControllerTest - Started PersonControllerTest in 2.299 seconds (process running for 2.941)
13:49:00.873 [Test worker] [] [INFO ] c.e.s.service.PersonService - Fetching all persons
13:49:00.885 [Test worker] [] [INFO ] c.e.s.service.PersonService - Deleting person with name : name
13:49:00.886 [Test worker] [] [INFO ] c.e.s.service.PersonService - Fetching person with name : name
13:49:00.892 [Test worker] [] [INFO ] c.e.s.service.PersonService - Adding person in servicePerson(id=null, name=name, address=null, state=null, pinCode=560068, email=null)
13:49:00.895 [Test worker] [] [INFO ] c.e.s.service.PersonService - Adding person in servicePerson(id=null, name=name, address=bangalore, state=null, pinCode=560068, email=null)
13:49:00.898 [Test worker] [] [INFO ] c.e.s.service.PersonService - Fetching person with name : name
13:49:22.792 [Test worker] [] [INFO ] c.e.s.service.PersonServiceTest - Starting PersonServiceTest using Java 21.0.4 with PID 50107 (started by vishwassettyn in /Users/vishwassettyn/Downloads/spring_init)
13:49:22.793 [Test worker] [] [INFO ] c.e.s.service.PersonServiceTest - No active profile set, falling back to 1 default profile: "default"
13:49:23.384 [Test worker] [] [INFO ] c.e.s.service.PersonServiceTest - Started PersonServiceTest in 0.751 seconds (process running for 1.378)
13:52:09.342 [Test worker] [] [INFO ] c.e.s.service.PersonServiceTest - Starting PersonServiceTest using Java 21.0.4 with PID 50153 (started by vishwassettyn in /Users/vishwassettyn/Downloads/spring_init)
13:52:09.342 [Test worker] [] [INFO ] c.e.s.service.PersonServiceTest - No active profile set, falling back to 1 default profile: "default"
13:52:11.155 [Test worker] [] [INFO ] c.e.s.service.PersonServiceTest - Started PersonServiceTest in 1.952 seconds (process running for 2.528)
13:52:11.216 [Test worker] [] [INFO ] c.e.s.service.PersonService - Adding person in servicePerson(id=null, name=name, address=null, state=null, pinCode=560068, email=null)
13:52:11.225 [Test worker] [] [INFO ] c.e.s.service.PersonService - Adding person in servicePerson(id=null, name=name, address=null, state=null, pinCode=560068, email=null)
13:52:11.228 [Test worker] [] [INFO ] c.e.s.service.PersonService - Adding person in servicePerson(id=null, name=name, address=null, state=null, pinCode=560068, email=null)
13:52:11.231 [Test worker] [] [INFO ] c.e.s.service.PersonService - Adding person in servicePerson(id=null, name=name, address=null, state=null, pinCode=560068, email=null)
13:53:31.445 [Test worker] [] [INFO ] c.e.s.service.PersonServiceTest - Starting PersonServiceTest using Java 21.0.4 with PID 50172 (started by vishwassettyn in /Users/vishwassettyn/Downloads/spring_init)
13:53:31.445 [Test worker] [] [INFO ] c.e.s.service.PersonServiceTest - No active profile set, falling back to 1 default profile: "default"
13:53:33.372 [Test worker] [] [INFO ] c.e.s.service.PersonServiceTest - Started PersonServiceTest in 2.127 seconds (process running for 2.728)
13:53:33.435 [Test worker] [] [INFO ] c.e.s.service.PersonService - Adding person in servicePerson(id=null, name=name, address=BLR, state=null, pinCode=560068, email=null)
13:53:33.437 [Test worker] [] [INFO ] c.e.s.service.PersonService - Deleting person with name : name
13:53:33.448 [Test worker] [] [INFO ] c.e.s.service.PersonService - Adding person in servicePerson(id=null, name=name, address=BLR, state=null, pinCode=560068, email=null)
13:53:33.448 [Test worker] [] [INFO ] c.e.s.service.PersonService - Fetching all persons
13:53:33.452 [Test worker] [] [INFO ] c.e.s.service.PersonService - Adding person in servicePerson(id=null, name=name, address=BLR, state=null, pinCode=560068, email=null)
13:53:33.458 [Test worker] [] [INFO ] c.e.s.service.PersonService - Adding person in servicePerson(id=null, name=name, address=BLR, state=null, pinCode=560068, email=null)
13:53:33.459 [Test worker] [] [INFO ] c.e.s.service.PersonService - Fetching person with name : name
13:55:19.615 [Test worker] [] [INFO ] c.e.s.service.PersonServiceTest - Starting PersonServiceTest using Java 21.0.4 with PID 50197 (started by vishwassettyn in /Users/vishwassettyn/Downloads/spring_init)
13:55:19.616 [Test worker] [] [INFO ] c.e.s.service.PersonServiceTest - No active profile set, falling back to 1 default profile: "default"
13:55:21.560 [Test worker] [] [INFO ] c.e.s.service.PersonServiceTest - Started PersonServiceTest in 2.079 seconds (process running for 2.69)
13:55:21.626 [Test worker] [] [INFO ] c.e.s.service.PersonService - Adding person in servicePerson(id=null, name=name, address=BLR, state=null, pinCode=560068, email=null)
13:55:21.628 [Test worker] [] [INFO ] c.e.s.service.PersonService - Deleting person with name : name
13:55:21.629 [Test worker] [] [INFO ] c.e.s.service.PersonService - Fetching person with name : name
13:55:21.638 [Test worker] [] [INFO ] c.e.s.service.PersonService - Adding person in servicePerson(id=null, name=name, address=BLR, state=null, pinCode=560068, email=null)
13:55:21.638 [Test worker] [] [INFO ] c.e.s.service.PersonService - Fetching all persons
13:55:21.642 [Test worker] [] [INFO ] c.e.s.service.PersonService - Adding person in servicePerson(id=null, name=name, address=BLR, state=null, pinCode=560068, email=null)
13:55:21.645 [Test worker] [] [INFO ] c.e.s.service.PersonService - Adding person in servicePerson(id=null, name=name, address=BLR, state=null, pinCode=560068, email=null)
13:55:21.645 [Test worker] [] [INFO ] c.e.s.service.PersonService - Fetching person with name : name
13:55:26.725 [Test worker] [] [INFO ] c.e.s.SpringInitApplicationTests - Starting SpringInitApplicationTests using Java 21.0.4 with PID 50210 (started by vishwassettyn in /Users/vishwassettyn/Downloads/spring_init)
13:55:26.725 [Test worker] [] [INFO ] c.e.s.SpringInitApplicationTests - No active profile set, falling back to 1 default profile: "default"
13:55:27.990 [Test worker] [] [INFO ] c.e.s.SpringInitApplicationTests - Started SpringInitApplicationTests in 1.405 seconds (process running for 2.011)
13:55:28.564 [Test worker] [] [INFO ] c.e.s.c.PersonControllerTest - Starting PersonControllerTest using Java 21.0.4 with PID 50210 (started by vishwassettyn in /Users/vishwassettyn/Downloads/spring_init)
13:55:28.564 [Test worker] [] [INFO ] c.e.s.c.PersonControllerTest - No active profile set, falling back to 1 default profile: "default"
13:55:29.100 [Test worker] [] [INFO ] c.e.s.c.PersonControllerTest - Started PersonControllerTest in 0.55 seconds (process running for 3.121)
13:55:29.116 [Test worker] [] [INFO ] c.e.s.service.PersonService - Fetching all persons
13:55:29.123 [Test worker] [] [INFO ] c.e.s.service.PersonService - Deleting person with name : name
13:55:29.124 [Test worker] [] [INFO ] c.e.s.service.PersonService - Fetching person with name : name
13:55:29.133 [Test worker] [] [INFO ] c.e.s.service.PersonService - Adding person in servicePerson(id=null, name=name, address=null, state=null, pinCode=560068, email=null)
13:55:29.138 [Test worker] [] [INFO ] c.e.s.service.PersonService - Adding person in servicePerson(id=null, name=name, address=bangalore, state=null, pinCode=560068, email=null)
13:55:29.142 [Test worker] [] [INFO ] c.e.s.service.PersonService - Fetching person with name : name
13:55:29.156 [Test worker] [] [INFO ] c.e.s.service.PersonService - Adding person in servicePerson(id=null, name=name, address=BLR, state=null, pinCode=560068, email=null)
13:55:29.157 [Test worker] [] [INFO ] c.e.s.service.PersonService - Deleting person with name : name
13:55:29.157 [Test worker] [] [INFO ] c.e.s.service.PersonService - Fetching person with name : name
13:55:29.163 [Test worker] [] [INFO ] c.e.s.service.PersonService - Adding person in servicePerson(id=null, name=name, address=BLR, state=null, pinCode=560068, email=null)
13:55:29.163 [Test worker] [] [INFO ] c.e.s.service.PersonService - Fetching all persons
13:55:29.167 [Test worker] [] [INFO ] c.e.s.service.PersonService - Adding person in servicePerson(id=null, name=name, address=BLR, state=null, pinCode=560068, email=null)
13:55:29.172 [Test worker] [] [INFO ] c.e.s.service.PersonService - Adding person in servicePerson(id=null, name=name, address=BLR, state=null, pinCode=560068, email=null)
13:55:29.172 [Test worker] [] [INFO ] c.e.s.service.PersonService - Fetching person with name : name
